0 info it worked if it ends with ok
1 verbose cli [ '/Users/eddyverbruggen/.nvm/versions/node/v4.2.2/bin/node',
1 verbose cli   '/Users/eddyverbruggen/.nvm/versions/node/v4.2.2/bin/npm',
1 verbose cli   'run',
1 verbose cli   'android' ]
2 info using npm@2.14.7
3 info using node@v4.2.2
4 verbose stack Error: missing script: android
4 verbose stack     at run (/Users/eddyverbruggen/.nvm/versions/node/v4.2.2/lib/node_modules/npm/lib/run-script.js:142:19)
4 verbose stack     at /Users/eddyverbruggen/.nvm/versions/node/v4.2.2/lib/node_modules/npm/lib/run-script.js:58:5
4 verbose stack     at /Users/eddyverbruggen/.nvm/versions/node/v4.2.2/lib/node_modules/npm/node_modules/read-package-json/read-json.js:345:5
4 verbose stack     at checkBinReferences_ (/Users/eddyverbruggen/.nvm/versions/node/v4.2.2/lib/node_modules/npm/node_modules/read-package-json/read-json.js:309:45)
4 verbose stack     at final (/Users/eddyverbruggen/.nvm/versions/node/v4.2.2/lib/node_modules/npm/node_modules/read-package-json/read-json.js:343:3)
4 verbose stack     at then (/Users/eddyverbruggen/.nvm/versions/node/v4.2.2/lib/node_modules/npm/node_modules/read-package-json/read-json.js:113:5)
4 verbose stack     at ReadFileContext.<anonymous> (/Users/eddyverbruggen/.nvm/versions/node/v4.2.2/lib/node_modules/npm/node_modules/read-package-json/read-json.js:284:20)
4 verbose stack     at ReadFileContext.callback (/Users/eddyverbruggen/.nvm/versions/node/v4.2.2/lib/node_modules/npm/node_modules/graceful-fs/graceful-fs.js:76:16)
4 verbose stack     at FSReqWrap.readFileAfterOpen [as oncomplete] (fs.js:303:13)
5 verbose cwd /Users/eddyverbruggen/sandboxes/nativescript-plugin-firebase-demo/Firebase
6 error Darwin 15.3.0
7 error argv "/Users/eddyverbruggen/.nvm/versions/node/v4.2.2/bin/node" "/Users/eddyverbruggen/.nvm/versions/node/v4.2.2/bin/npm" "run" "android"
8 error node v4.2.2
9 error npm  v2.14.7
10 error missing script: android
11 error If you need help, you may report this error at:
11 error     <https://github.com/npm/npm/issues>
12 verbose exit [ 1, true ]
